2025-03-04 16:20:04,056 - data_pipeline - INFO - Running only the data processing pipeline...
2025-03-04 16:20:04,056 - data_pipeline - INFO - 
================================================================================
2025-03-04 16:20:04,057 - data_pipeline - INFO - STARTING COMPLETE DATA PROCESSING PIPELINE
2025-03-04 16:20:04,066 - data_pipeline - INFO - ================================================================================
2025-03-04 16:20:04,066 - data_pipeline - INFO - 
================================================================================
2025-03-04 16:20:04,067 - data_pipeline - INFO - STEP 1: Average Exchange Data
2025-03-04 16:20:04,068 - data_pipeline - INFO - ================================================================================
2025-03-04 16:20:04,068 - data_pipeline - INFO - Running: C:\Users\aws.admin\OneDrive - Leeds Trinity University\Documents\LocalProjects\Msc-COM7003-AI-Model\.venv\Scripts\python.exe C:\Users\aws.admin\OneDrive - Leeds Trinity University\Documents\LocalProjects\Msc-COM7003-AI-Model\AI_Gen_Code\data_processing\combining\average_exchanges.py
2025-03-04 16:21:07,298 - data_pipeline - INFO - OUTPUT: Starting exchange averaging process...
2025-03-04 16:21:07,302 - data_pipeline - INFO - OUTPUT: Reading from directory: C:\Users\aws.admin\OneDrive - Leeds Trinity University\Documents\LocalProjects\Msc-COM7003-AI-Model\datasets\processed_exchanges
2025-03-04 16:21:07,303 - data_pipeline - INFO - OUTPUT: Loaded 399001_SZ_processed with 3189 rows and 10 columns
2025-03-04 16:21:07,303 - data_pipeline - INFO - OUTPUT: Warning: all_indices_processed.csv has 35793 duplicate dates. Aggregating by date...
2025-03-04 16:21:07,304 - data_pipeline - INFO - OUTPUT: Loaded all_indices_processed with 3429 rows and 63 columns
2025-03-04 16:21:07,305 - data_pipeline - INFO - OUTPUT: Loaded GDAXI_processed with 3337 rows and 15 columns
2025-03-04 16:21:07,306 - data_pipeline - INFO - OUTPUT: Loaded GSPTSE_processed with 3304 rows and 15 columns
2025-03-04 16:21:07,334 - data_pipeline - INFO - OUTPUT: Loaded HSI_processed with 3237 rows and 15 columns
2025-03-04 16:21:07,435 - data_pipeline - INFO - OUTPUT: Loaded IXIC_processed with 3310 rows and 15 columns
2025-03-04 16:21:07,436 - data_pipeline - INFO - OUTPUT: Loaded J203_JO_processed with 3285 rows and 15 columns
2025-03-04 16:21:07,454 - data_pipeline - INFO - OUTPUT: Loaded KS11_processed with 3232 rows and 15 columns
2025-03-04 16:21:07,490 - data_pipeline - INFO - OUTPUT: Loaded N100_processed with 3366 rows and 15 columns
2025-03-04 16:21:07,606 - data_pipeline - INFO - OUTPUT: Loaded N225_processed with 3220 rows and 15 columns
2025-03-04 16:21:07,771 - data_pipeline - INFO - OUTPUT: Loaded NSEI_processed with 3231 rows and 15 columns
2025-03-04 16:21:07,789 - data_pipeline - INFO - OUTPUT: Loaded NYA_processed with 3310 rows and 15 columns
2025-03-04 16:21:07,803 - data_pipeline - INFO - OUTPUT: Loaded SSMI_processed with 3293 rows and 15 columns
2025-03-04 16:21:07,809 - data_pipeline - INFO - OUTPUT: Loaded TWII_processed with 3203 rows and 15 columns
2025-03-04 16:21:07,813 - data_pipeline - INFO - OUTPUT: 
2025-03-04 16:21:07,814 - data_pipeline - INFO - OUTPUT: Processing 14 exchange files:
2025-03-04 16:21:07,814 - data_pipeline - INFO - OUTPUT: - 399001_SZ_processed.csv
2025-03-04 16:21:07,815 - data_pipeline - INFO - OUTPUT: - all_indices_processed.csv
2025-03-04 16:21:07,815 - data_pipeline - INFO - OUTPUT: - GDAXI_processed.csv
2025-03-04 16:21:07,815 - data_pipeline - INFO - OUTPUT: - GSPTSE_processed.csv
2025-03-04 16:21:07,816 - data_pipeline - INFO - OUTPUT: - HSI_processed.csv
2025-03-04 16:21:07,817 - data_pipeline - INFO - OUTPUT: - IXIC_processed.csv
2025-03-04 16:21:07,817 - data_pipeline - INFO - OUTPUT: - J203_JO_processed.csv
2025-03-04 16:21:07,817 - data_pipeline - INFO - OUTPUT: - KS11_processed.csv
2025-03-04 16:21:07,818 - data_pipeline - INFO - OUTPUT: - N100_processed.csv
2025-03-04 16:21:07,818 - data_pipeline - INFO - OUTPUT: - N225_processed.csv
2025-03-04 16:21:07,819 - data_pipeline - INFO - OUTPUT: - NSEI_processed.csv
2025-03-04 16:21:07,819 - data_pipeline - INFO - OUTPUT: - NYA_processed.csv
2025-03-04 16:21:07,819 - data_pipeline - INFO - OUTPUT: - SSMI_processed.csv
2025-03-04 16:21:07,820 - data_pipeline - INFO - OUTPUT: - TWII_processed.csv
2025-03-04 16:21:07,820 - data_pipeline - INFO - OUTPUT: Calculating averages...
2025-03-04 16:21:07,821 - data_pipeline - INFO - OUTPUT: Starting to average exchanges...
2025-03-04 16:21:07,821 - data_pipeline - INFO - OUTPUT: Processing 399001_SZ_processed...
2025-03-04 16:21:07,821 - data_pipeline - INFO - OUTPUT: Processing all_indices_processed...
2025-03-04 16:21:07,822 - data_pipeline - INFO - OUTPUT: Processing GDAXI_processed...
2025-03-04 16:21:07,823 - data_pipeline - INFO - OUTPUT: Processing GSPTSE_processed...
2025-03-04 16:21:07,823 - data_pipeline - INFO - OUTPUT: Processing HSI_processed...
2025-03-04 16:21:07,823 - data_pipeline - INFO - OUTPUT: Processing IXIC_processed...
2025-03-04 16:21:07,824 - data_pipeline - INFO - OUTPUT: Processing J203_JO_processed...
2025-03-04 16:21:07,824 - data_pipeline - INFO - OUTPUT: Processing KS11_processed...
2025-03-04 16:21:07,825 - data_pipeline - INFO - OUTPUT: Processing N100_processed...
2025-03-04 16:21:07,825 - data_pipeline - INFO - OUTPUT: Processing N225_processed...
2025-03-04 16:21:07,825 - data_pipeline - INFO - OUTPUT: Processing NSEI_processed...
2025-03-04 16:21:07,826 - data_pipeline - INFO - OUTPUT: Processing NYA_processed...
2025-03-04 16:21:07,826 - data_pipeline - INFO - OUTPUT: Processing SSMI_processed...
2025-03-04 16:21:07,826 - data_pipeline - INFO - OUTPUT: Processing TWII_processed...
2025-03-04 16:21:07,827 - data_pipeline - INFO - OUTPUT: Saved averaged exchange data to C:\Users\aws.admin\OneDrive - Leeds Trinity University\Documents\LocalProjects\Msc-COM7003-AI-Model\datasets\processed_exchanges\averaged_exchanges_20250304_162105.csv
2025-03-04 16:21:07,828 - data_pipeline - INFO - OUTPUT: Saved latest version to C:\Users\aws.admin\OneDrive - Leeds Trinity University\Documents\LocalProjects\Msc-COM7003-AI-Model\datasets\processed_exchanges\averaged_exchanges.csv
2025-03-04 16:21:07,829 - data_pipeline - INFO - OUTPUT: 
2025-03-04 16:21:07,830 - data_pipeline - INFO - OUTPUT: Averaging process completed successfully!
2025-03-04 16:21:07,830 - data_pipeline - INFO - OUTPUT: Output saved to: C:\Users\aws.admin\OneDrive - Leeds Trinity University\Documents\LocalProjects\Msc-COM7003-AI-Model\datasets\processed_exchanges\averaged_exchanges_20250304_162105.csv
2025-03-04 16:21:07,831 - data_pipeline - INFO - OUTPUT: Latest version saved to: C:\Users\aws.admin\OneDrive - Leeds Trinity University\Documents\LocalProjects\Msc-COM7003-AI-Model\datasets\processed_exchanges\averaged_exchanges.csv
2025-03-04 16:21:07,832 - data_pipeline - INFO - OUTPUT: 
2025-03-04 16:21:07,832 - data_pipeline - INFO - OUTPUT: Summary of averaged data:
2025-03-04 16:21:07,832 - data_pipeline - INFO - OUTPUT: Date range: 2012-01-02 00:00:00 to 2025-03-03 00:00:00
2025-03-04 16:21:07,833 - data_pipeline - INFO - OUTPUT: Number of columns: 71
2025-03-04 16:21:07,834 - data_pipeline - INFO - OUTPUT: Number of rows: 3430
2025-03-04 16:21:07,834 - data_pipeline - INFO - OUTPUT: 
2025-03-04 16:21:07,834 - data_pipeline - INFO - OUTPUT: Columns included:
2025-03-04 16:21:07,835 - data_pipeline - INFO - OUTPUT: - Volume.1: 3429 non-null values
2025-03-04 16:21:07,835 - data_pipeline - INFO - OUTPUT: - Close.4: 3429 non-null values
2025-03-04 16:21:07,836 - data_pipeline - INFO - OUTPUT: - Close.8: 3429 non-null values
2025-03-04 16:21:07,836 - data_pipeline - INFO - OUTPUT: - Index: 0 non-null values
2025-03-04 16:21:07,837 - data_pipeline - INFO - OUTPUT: - Close.1: 3429 non-null values
2025-03-04 16:21:07,837 - data_pipeline - INFO - OUTPUT: - Low.5: 3429 non-null values
2025-03-04 16:21:07,838 - data_pipeline - INFO - OUTPUT: - High.1: 3429 non-null values
2025-03-04 16:21:07,838 - data_pipeline - INFO - OUTPUT: - Close.9: 3429 non-null values
2025-03-04 16:21:07,840 - data_pipeline - INFO - OUTPUT: - High.11: 3429 non-null values
2025-03-04 16:21:07,840 - data_pipeline - INFO - OUTPUT: - Open.8: 3429 non-null values
2025-03-04 16:21:07,840 - data_pipeline - INFO - OUTPUT: - Open.9: 3429 non-null values
2025-03-04 16:21:07,867 - data_pipeline - INFO - OUTPUT: - Low.4: 3429 non-null values
2025-03-04 16:21:07,946 - data_pipeline - INFO - OUTPUT: - Volatility_20: 3410 non-null values
2025-03-04 16:21:07,947 - data_pipeline - INFO - OUTPUT: - Volume.11: 3429 non-null values
2025-03-04 16:21:07,948 - data_pipeline - INFO - OUTPUT: - Close.2: 3429 non-null values
2025-03-04 16:21:07,948 - data_pipeline - INFO - OUTPUT: - Low: 3430 non-null values
2025-03-04 16:21:07,949 - data_pipeline - INFO - OUTPUT: - Open.5: 3429 non-null values
2025-03-04 16:21:07,949 - data_pipeline - INFO - OUTPUT: - Low.2: 3429 non-null values
2025-03-04 16:21:07,950 - data_pipeline - INFO - OUTPUT: - High.4: 3429 non-null values
2025-03-04 16:21:07,964 - data_pipeline - INFO - OUTPUT: - Volume.9: 3429 non-null values
2025-03-04 16:21:07,964 - data_pipeline - INFO - OUTPUT: - Open.10: 3429 non-null values
2025-03-04 16:21:07,965 - data_pipeline - INFO - OUTPUT: - Volume.8: 3429 non-null values
2025-03-04 16:21:07,965 - data_pipeline - INFO - OUTPUT: - Volume.4: 3429 non-null values
2025-03-04 16:21:07,966 - data_pipeline - INFO - OUTPUT: - Low.9: 3429 non-null values
2025-03-04 16:21:07,966 - data_pipeline - INFO - OUTPUT: - Low.11: 3429 non-null values
2025-03-04 16:21:07,966 - data_pipeline - INFO - OUTPUT: - Close.5: 3429 non-null values
2025-03-04 16:21:07,967 - data_pipeline - INFO - OUTPUT: - Low.7: 3429 non-null values
2025-03-04 16:21:07,967 - data_pipeline - INFO - OUTPUT: - Open.3: 3429 non-null values
2025-03-04 16:21:07,968 - data_pipeline - INFO - OUTPUT: - Volume.7: 3429 non-null values
2025-03-04 16:21:07,968 - data_pipeline - INFO - OUTPUT: - Daily_Return: 3429 non-null values
2025-03-04 16:21:07,970 - data_pipeline - INFO - OUTPUT: - Low.6: 3429 non-null values
2025-03-04 16:21:07,971 - data_pipeline - INFO - OUTPUT: - High.9: 3429 non-null values
2025-03-04 16:21:07,971 - data_pipeline - INFO - OUTPUT: - MA_5: 3426 non-null values
2025-03-04 16:21:07,971 - data_pipeline - INFO - OUTPUT: - High.3: 3429 non-null values
2025-03-04 16:21:07,972 - data_pipeline - INFO - OUTPUT: - Volume.10: 3429 non-null values
2025-03-04 16:21:07,972 - data_pipeline - INFO - OUTPUT: - Open.4: 3429 non-null values
2025-03-04 16:21:07,972 - data_pipeline - INFO - OUTPUT: - CloseUSD: 3430 non-null values
2025-03-04 16:21:07,973 - data_pipeline - INFO - OUTPUT: - Open.1: 3429 non-null values
2025-03-04 16:21:07,973 - data_pipeline - INFO - OUTPUT: - Open.6: 3429 non-null values
2025-03-04 16:21:07,974 - data_pipeline - INFO - OUTPUT: - Volume.6: 3429 non-null values
2025-03-04 16:21:07,974 - data_pipeline - INFO - OUTPUT: - Close.11: 3429 non-null values
2025-03-04 16:21:07,975 - data_pipeline - INFO - OUTPUT: - MA_50: 3381 non-null values
2025-03-04 16:21:07,975 - data_pipeline - INFO - OUTPUT: - Adj Close: 3429 non-null values
2025-03-04 16:21:07,975 - data_pipeline - INFO - OUTPUT: - High.10: 3429 non-null values
2025-03-04 16:21:07,976 - data_pipeline - INFO - OUTPUT: - Volume: 3430 non-null values
2025-03-04 16:21:07,977 - data_pipeline - INFO - OUTPUT: - High.6: 3429 non-null values
2025-03-04 16:21:07,977 - data_pipeline - INFO - OUTPUT: - Open: 3430 non-null values
2025-03-04 16:21:07,977 - data_pipeline - INFO - OUTPUT: - Close.3: 3429 non-null values
2025-03-04 16:21:07,978 - data_pipeline - INFO - OUTPUT: - MA_200: 3227 non-null values
2025-03-04 16:21:07,978 - data_pipeline - INFO - OUTPUT: - High.2: 3429 non-null values
2025-03-04 16:21:07,978 - data_pipeline - INFO - OUTPUT: - High.5: 3429 non-null values
2025-03-04 16:21:07,979 - data_pipeline - INFO - OUTPUT: - Volume.5: 3429 non-null values
2025-03-04 16:21:07,979 - data_pipeline - INFO - OUTPUT: - Low.10: 3429 non-null values
2025-03-04 16:21:07,980 - data_pipeline - INFO - OUTPUT: - Open.2: 3429 non-null values
2025-03-04 16:21:07,980 - data_pipeline - INFO - OUTPUT: - High: 3430 non-null values
2025-03-04 16:21:07,980 - data_pipeline - INFO - OUTPUT: - Close.6: 3429 non-null values
2025-03-04 16:21:07,981 - data_pipeline - INFO - OUTPUT: - Close.7: 3429 non-null values
2025-03-04 16:21:07,981 - data_pipeline - INFO - OUTPUT: - High.8: 3429 non-null values
2025-03-04 16:21:07,982 - data_pipeline - INFO - OUTPUT: - Open.11: 3429 non-null values
2025-03-04 16:21:07,983 - data_pipeline - INFO - OUTPUT: - Low.8: 3429 non-null values
2025-03-04 16:21:07,983 - data_pipeline - INFO - OUTPUT: - Close: 3430 non-null values
2025-03-04 16:21:07,983 - data_pipeline - INFO - OUTPUT: - Open.7: 3429 non-null values
2025-03-04 16:21:07,984 - data_pipeline - INFO - OUTPUT: - Volume.2: 3429 non-null values
2025-03-04 16:21:07,984 - data_pipeline - INFO - OUTPUT: - Low.1: 3429 non-null values
2025-03-04 16:21:07,984 - data_pipeline - INFO - OUTPUT: - Close.10: 3429 non-null values
2025-03-04 16:21:07,985 - data_pipeline - INFO - OUTPUT: - MA_20: 3411 non-null values
2025-03-04 16:21:07,985 - data_pipeline - INFO - OUTPUT: - Currency: 0 non-null values
2025-03-04 16:21:07,985 - data_pipeline - INFO - OUTPUT: - Volume.3: 3429 non-null values
2025-03-04 16:21:07,986 - data_pipeline - INFO - OUTPUT: - High.7: 3429 non-null values
2025-03-04 16:21:07,986 - data_pipeline - INFO - OUTPUT: - Low.3: 3429 non-null values
2025-03-04 16:21:07,987 - data_pipeline - INFO - Script C:\Users\aws.admin\OneDrive - Leeds Trinity University\Documents\LocalProjects\Msc-COM7003-AI-Model\AI_Gen_Code\data_processing\combining\average_exchanges.py completed successfully
2025-03-04 16:21:07,988 - data_pipeline - INFO - 
================================================================================
2025-03-04 16:21:07,989 - data_pipeline - INFO - STEP 2: Create Combined Dataset
2025-03-04 16:21:07,989 - data_pipeline - INFO - ================================================================================
2025-03-04 16:21:07,990 - data_pipeline - INFO - Running: C:\Users\aws.admin\OneDrive - Leeds Trinity University\Documents\LocalProjects\Msc-COM7003-AI-Model\.venv\Scripts\python.exe C:\Users\aws.admin\OneDrive - Leeds Trinity University\Documents\LocalProjects\Msc-COM7003-AI-Model\AI_Gen_Code\data_collection/create_combined_dataset.py
2025-03-04 16:21:10,717 - data_pipeline - INFO - OUTPUT: Starting creation of combined dataset for AI training...
2025-03-04 16:21:10,730 - data_pipeline - INFO - OUTPUT: Using default paths:
2025-03-04 16:21:10,731 - data_pipeline - INFO - OUTPUT:   Base directory: C:\Users\aws.admin\OneDrive - Leeds Trinity University\Documents\LocalProjects\Msc-COM7003-AI-Model\datasets
2025-03-04 16:21:10,731 - data_pipeline - INFO - OUTPUT:   Combined directory: C:\Users\aws.admin\OneDrive - Leeds Trinity University\Documents\LocalProjects\Msc-COM7003-AI-Model\datasets\combined_dataset
2025-03-04 16:21:10,734 - data_pipeline - INFO - OUTPUT: Ensured output directory exists: C:\Users\aws.admin\OneDrive - Leeds Trinity University\Documents\LocalProjects\Msc-COM7003-AI-Model\datasets\combined_dataset
2025-03-04 16:21:10,735 - data_pipeline - INFO - OUTPUT: 
2025-03-04 16:21:10,736 - data_pipeline - INFO - OUTPUT: Processing averaged exchange data...
2025-03-04 16:21:10,736 - data_pipeline - INFO - OUTPUT:   Exchange data date range: 2012-01-02 to 2025-03-03
2025-03-04 16:21:10,737 - data_pipeline - INFO - OUTPUT:   Exchange data has 3430 rows
2025-03-04 16:21:10,737 - data_pipeline - INFO - OUTPUT:   Added 7 averaged exchange columns
2025-03-04 16:21:10,738 - data_pipeline - INFO - OUTPUT: Found 7 additional feature files to process
2025-03-04 16:21:10,740 - data_pipeline - INFO - OUTPUT: 
2025-03-04 16:21:10,740 - data_pipeline - INFO - OUTPUT: Processing additional features files...
2025-03-04 16:21:10,741 - data_pipeline - INFO - OUTPUT: Processing currency_metrics.csv...
2025-03-04 16:21:10,741 - data_pipeline - INFO - OUTPUT:   Skipping comment line in currency_metrics.csv
2025-03-04 16:21:10,742 - data_pipeline - INFO - OUTPUT:   currency_metrics.csv date range: 2012-01-03 to 2025-02-28
2025-03-04 16:21:10,743 - data_pipeline - INFO - OUTPUT:   Adding special column BTC/USD without prefix
2025-03-04 16:21:10,752 - data_pipeline - INFO - OUTPUT:   Adding special column Gold/BTC Ratio without prefix
2025-03-04 16:21:10,753 - data_pipeline - INFO - OUTPUT:   Added 4 columns from currency_metrics.csv
2025-03-04 16:21:10,754 - data_pipeline - INFO - OUTPUT:   Current merged dataset has 3430 rows
2025-03-04 16:21:10,754 - data_pipeline - INFO - OUTPUT: Processing fear_greed_index.csv...
2025-03-04 16:21:10,754 - data_pipeline - INFO - OUTPUT:   Skipping comment line in fear_greed_index.csv
2025-03-04 16:21:10,756 - data_pipeline - INFO - OUTPUT:   fear_greed_index.csv date range: 2022-06-07 to 2025-03-03
2025-03-04 16:21:10,756 - data_pipeline - INFO - OUTPUT:   Added 2 columns from fear_greed_index.csv
2025-03-04 16:21:10,757 - data_pipeline - INFO - OUTPUT:   Current merged dataset has 3715 rows
2025-03-04 16:21:10,758 - data_pipeline - INFO - OUTPUT: Processing miner_revenue.csv...
2025-03-04 16:21:10,758 - data_pipeline - INFO - OUTPUT:   Skipping comment line in miner_revenue.csv
2025-03-04 16:21:10,758 - data_pipeline - INFO - OUTPUT:   miner_revenue.csv date range: 2012-01-02 to 2025-03-02
2025-03-04 16:21:10,759 - data_pipeline - INFO - OUTPUT:   Skipping Miner Revenue (USD) column as requested
2025-03-04 16:21:10,760 - data_pipeline - INFO - OUTPUT:   Added 1 columns from miner_revenue.csv
2025-03-04 16:21:10,760 - data_pipeline - INFO - OUTPUT:   Current merged dataset has 4490 rows
2025-03-04 16:21:10,760 - data_pipeline - INFO - OUTPUT: Processing mining_difficulty.csv...
2025-03-04 16:21:10,761 - data_pipeline - INFO - OUTPUT:   Skipping comment line in mining_difficulty.csv
2025-03-04 16:21:10,762 - data_pipeline - INFO - OUTPUT:   mining_difficulty.csv date range: 2012-01-02 to 2025-03-02
2025-03-04 16:21:10,762 - data_pipeline - INFO - OUTPUT:   Added 1 columns from mining_difficulty.csv
2025-03-04 16:21:10,763 - data_pipeline - INFO - OUTPUT:   Current merged dataset has 4490 rows
2025-03-04 16:21:10,763 - data_pipeline - INFO - OUTPUT: Processing onchain_metrics.csv...
2025-03-04 16:21:10,764 - data_pipeline - INFO - OUTPUT:   Skipping comment line in onchain_metrics.csv
2025-03-04 16:21:10,764 - data_pipeline - INFO - OUTPUT:   onchain_metrics.csv date range: 2012-01-02 to 2025-03-02
2025-03-04 16:21:10,765 - data_pipeline - INFO - OUTPUT:   Skipping Miner Revenue (USD) column as requested
2025-03-04 16:21:10,766 - data_pipeline - INFO - OUTPUT:   Added 8 columns from onchain_metrics.csv
2025-03-04 16:21:10,766 - data_pipeline - INFO - OUTPUT:   Current merged dataset has 4490 rows
2025-03-04 16:21:10,767 - data_pipeline - INFO - OUTPUT: Processing volatility_currency_combined.csv...
2025-03-04 16:21:10,767 - data_pipeline - INFO - OUTPUT:   No Date column found in volatility_currency_combined.csv, skipping.
2025-03-04 16:21:10,768 - data_pipeline - INFO - OUTPUT: Processing volatility_indices.csv...
2025-03-04 16:21:10,768 - data_pipeline - INFO - OUTPUT:   Skipping comment line in volatility_indices.csv
2025-03-04 16:21:10,769 - data_pipeline - INFO - OUTPUT:   No Date column found in volatility_indices.csv, skipping.
2025-03-04 16:21:10,770 - data_pipeline - INFO - OUTPUT: 
2025-03-04 16:21:10,770 - data_pipeline - INFO - OUTPUT: Data date range check:
2025-03-04 16:21:10,770 - data_pipeline - INFO - OUTPUT:   Earliest date: 2012-01-02
2025-03-04 16:21:10,771 - data_pipeline - INFO - OUTPUT:   Latest date: 2025-03-03
2025-03-04 16:21:10,771 - data_pipeline - INFO - OUTPUT:   Total date range spans 4490 unique days
2025-03-04 16:21:10,778 - data_pipeline - INFO - OUTPUT: 
2025-03-04 16:21:10,779 - data_pipeline - INFO - OUTPUT: Filling missing values...
2025-03-04 16:21:10,780 - data_pipeline - INFO - OUTPUT: Missing values after filling: 0
2025-03-04 16:21:10,780 - data_pipeline - INFO - OUTPUT: 
2025-03-04 16:21:10,780 - data_pipeline - INFO - OUTPUT: Removing Currency columns...
2025-03-04 16:21:10,781 - data_pipeline - INFO - OUTPUT: 
2025-03-04 16:21:10,781 - data_pipeline - INFO - OUTPUT: Date distribution by year:
2025-03-04 16:21:10,782 - data_pipeline - INFO - OUTPUT:   - 2012: 326 rows
2025-03-04 16:21:10,782 - data_pipeline - INFO - OUTPUT:   - 2013: 330 rows
2025-03-04 16:21:10,782 - data_pipeline - INFO - OUTPUT:   - 2014: 333 rows
2025-03-04 16:21:10,783 - data_pipeline - INFO - OUTPUT:   - 2015: 312 rows
2025-03-04 16:21:10,783 - data_pipeline - INFO - OUTPUT:   - 2016: 325 rows
2025-03-04 16:21:10,784 - data_pipeline - INFO - OUTPUT:   - 2017: 339 rows
2025-03-04 16:21:10,784 - data_pipeline - INFO - OUTPUT:   - 2018: 336 rows
2025-03-04 16:21:10,785 - data_pipeline - INFO - OUTPUT:   - 2019: 338 rows
2025-03-04 16:21:10,785 - data_pipeline - INFO - OUTPUT:   - 2020: 348 rows
2025-03-04 16:21:10,786 - data_pipeline - INFO - OUTPUT:   - 2021: 351 rows
2025-03-04 16:21:10,786 - data_pipeline - INFO - OUTPUT:   - 2022: 360 rows
2025-03-04 16:21:10,786 - data_pipeline - INFO - OUTPUT:   - 2023: 365 rows
2025-03-04 16:21:10,787 - data_pipeline - INFO - OUTPUT:   - 2024: 365 rows
2025-03-04 16:21:10,787 - data_pipeline - INFO - OUTPUT:   - 2025: 62 rows
2025-03-04 16:21:10,788 - data_pipeline - INFO - OUTPUT: Combined dataset saved to: C:\Users\aws.admin\OneDrive - Leeds Trinity University\Documents\LocalProjects\Msc-COM7003-AI-Model\datasets\combined_dataset\combined_dataset_20250304_162109.csv
2025-03-04 16:21:10,789 - data_pipeline - INFO - OUTPUT: Created backup of original dataset
2025-03-04 16:21:10,789 - data_pipeline - INFO - OUTPUT: Updated combined_dataset_latest.csv successfully
2025-03-04 16:21:10,790 - data_pipeline - INFO - OUTPUT: 
2025-03-04 16:21:10,790 - data_pipeline - INFO - OUTPUT: Combined dataset created successfully!
2025-03-04 16:21:10,791 - data_pipeline - INFO - OUTPUT: Rows: 4490
2025-03-04 16:21:10,791 - data_pipeline - INFO - OUTPUT: Columns: 22
2025-03-04 16:21:10,792 - data_pipeline - INFO - OUTPUT: Date range: from 2012-01-02 to 2025-03-03
2025-03-04 16:21:10,792 - data_pipeline - INFO - OUTPUT: Output saved to:
2025-03-04 16:21:10,792 - data_pipeline - INFO - OUTPUT: - C:\Users\aws.admin\OneDrive - Leeds Trinity University\Documents\LocalProjects\Msc-COM7003-AI-Model\datasets\combined_dataset\combined_dataset_20250304_162109.csv
2025-03-04 16:21:10,793 - data_pipeline - INFO - OUTPUT: - C:\Users\aws.admin\OneDrive - Leeds Trinity University\Documents\LocalProjects\Msc-COM7003-AI-Model\datasets\combined_dataset\combined_dataset_latest.csv
2025-03-04 16:21:10,794 - data_pipeline - INFO - Script C:\Users\aws.admin\OneDrive - Leeds Trinity University\Documents\LocalProjects\Msc-COM7003-AI-Model\AI_Gen_Code\data_collection/create_combined_dataset.py completed successfully
2025-03-04 16:21:10,795 - data_pipeline - INFO - 
================================================================================
2025-03-04 16:21:10,796 - data_pipeline - INFO - STEP 3: Filter Combined Dataset
2025-03-04 16:21:10,796 - data_pipeline - INFO - ================================================================================
2025-03-04 16:21:10,797 - data_pipeline - INFO - Running: C:\Users\aws.admin\OneDrive - Leeds Trinity University\Documents\LocalProjects\Msc-COM7003-AI-Model\.venv\Scripts\python.exe C:\Users\aws.admin\OneDrive - Leeds Trinity University\Documents\LocalProjects\Msc-COM7003-AI-Model\AI_Gen_Code\data_processing\combining\filter_combined_dataset.py
2025-03-04 16:21:18,680 - data_pipeline - INFO - OUTPUT: Starting filtering of combined dataset...
2025-03-04 16:21:19,716 - data_pipeline - INFO - OUTPUT: Reading combined dataset from: C:\Users\aws.admin\OneDrive - Leeds Trinity University\Documents\LocalProjects\Msc-COM7003-AI-Model\datasets\combined_dataset\combined_dataset_latest.csv
2025-03-04 16:21:19,924 - data_pipeline - INFO - OUTPUT: Original dataset: 4490 rows, 22 columns
2025-03-04 16:21:20,236 - data_pipeline - INFO - OUTPUT: 
2025-03-04 16:21:20,421 - data_pipeline - INFO - OUTPUT: Keeping 15 columns out of 22 total
2025-03-04 16:21:20,426 - data_pipeline - INFO - OUTPUT: Renaming: AVG Volume -> Volume
2025-03-04 16:21:20,509 - data_pipeline - INFO - OUTPUT: Renaming: AVG CloseUSD -> CloseUSD
2025-03-04 16:21:20,557 - data_pipeline - INFO - OUTPUT: Removed 'AVG' prefix from 2 columns
2025-03-04 16:21:20,641 - data_pipeline - INFO - OUTPUT: 
2025-03-04 16:21:20,859 - data_pipeline - INFO - OUTPUT: Columns after renaming:
2025-03-04 16:21:20,929 - data_pipeline - INFO - OUTPUT:   - Date
2025-03-04 16:21:21,049 - data_pipeline - INFO - OUTPUT:   - Volume
2025-03-04 16:21:21,130 - data_pipeline - INFO - OUTPUT:   - CloseUSD
2025-03-04 16:21:21,136 - data_pipeline - INFO - OUTPUT:   - currency US Dollar Index
2025-03-04 16:21:21,146 - data_pipeline - INFO - OUTPUT:   - currency Gold Futures
2025-03-04 16:21:21,164 - data_pipeline - INFO - OUTPUT:   - BTC/USD
2025-03-04 16:21:21,165 - data_pipeline - INFO - OUTPUT:   - Gold/BTC Ratio
2025-03-04 16:21:21,180 - data_pipeline - INFO - OUTPUT:   - fear FearGreedValue
2025-03-04 16:21:21,180 - data_pipeline - INFO - OUTPUT:   - onchain Active Addresses
2025-03-04 16:21:21,293 - data_pipeline - INFO - OUTPUT:   - onchain Transaction Count
2025-03-04 16:21:21,327 - data_pipeline - INFO - OUTPUT:   - onchain Mempool Size
2025-03-04 16:21:21,493 - data_pipeline - INFO - OUTPUT:   - onchain Hash Rate (GH/s)
2025-03-04 16:21:21,768 - data_pipeline - INFO - OUTPUT:   - onchain Mining Difficulty
2025-03-04 16:21:21,837 - data_pipeline - INFO - OUTPUT:   - onchain Transaction Fees (BTC)
2025-03-04 16:21:21,878 - data_pipeline - INFO - OUTPUT:   - onchain Median Confirmation Time (min)
2025-03-04 16:21:21,899 - data_pipeline - INFO - OUTPUT: Saved filtered dataset to: C:\Users\aws.admin\OneDrive - Leeds Trinity University\Documents\LocalProjects\Msc-COM7003-AI-Model\datasets\combined_dataset\filtered_dataset_20250304_162114.csv
2025-03-04 16:21:21,927 - data_pipeline - INFO - OUTPUT: Created backup of original dataset
2025-03-04 16:21:21,989 - data_pipeline - INFO - OUTPUT: Updated combined_dataset_latest.csv with filtered columns
2025-03-04 16:21:22,032 - data_pipeline - INFO - OUTPUT: 
2025-03-04 16:21:22,103 - data_pipeline - INFO - OUTPUT: Filtered dataset summary:
2025-03-04 16:21:22,118 - data_pipeline - INFO - OUTPUT: Rows: 4490
2025-03-04 16:21:22,138 - data_pipeline - INFO - OUTPUT: Columns: 15
2025-03-04 16:21:22,217 - data_pipeline - INFO - OUTPUT: Date range: from 2012-01-02 to 2025-03-03
2025-03-04 16:21:22,481 - data_pipeline - INFO - OUTPUT: 
2025-03-04 16:21:22,487 - data_pipeline - INFO - OUTPUT: Columns included:
2025-03-04 16:21:22,487 - data_pipeline - INFO - OUTPUT:   - Date: 4490 non-null values
2025-03-04 16:21:22,488 - data_pipeline - INFO - OUTPUT:   - Volume: 4490 non-null values
2025-03-04 16:21:22,488 - data_pipeline - INFO - OUTPUT:   - CloseUSD: 4490 non-null values
2025-03-04 16:21:22,489 - data_pipeline - INFO - OUTPUT:   - currency US Dollar Index: 4490 non-null values
2025-03-04 16:21:22,489 - data_pipeline - INFO - OUTPUT:   - currency Gold Futures: 4490 non-null values
2025-03-04 16:21:22,489 - data_pipeline - INFO - OUTPUT:   - BTC/USD: 4490 non-null values
2025-03-04 16:21:22,490 - data_pipeline - INFO - OUTPUT:   - Gold/BTC Ratio: 4490 non-null values
2025-03-04 16:21:22,491 - data_pipeline - INFO - OUTPUT:   - fear FearGreedValue: 4490 non-null values
2025-03-04 16:21:22,551 - data_pipeline - INFO - OUTPUT:   - onchain Active Addresses: 4490 non-null values
2025-03-04 16:21:22,598 - data_pipeline - INFO - OUTPUT:   - onchain Transaction Count: 4490 non-null values
2025-03-04 16:21:22,645 - data_pipeline - INFO - OUTPUT:   - onchain Mempool Size: 4490 non-null values
2025-03-04 16:21:22,706 - data_pipeline - INFO - OUTPUT:   - onchain Hash Rate (GH/s): 4490 non-null values
2025-03-04 16:21:22,709 - data_pipeline - INFO - OUTPUT:   - onchain Mining Difficulty: 4490 non-null values
2025-03-04 16:21:22,786 - data_pipeline - INFO - OUTPUT:   - onchain Transaction Fees (BTC): 4490 non-null values
2025-03-04 16:21:22,798 - data_pipeline - INFO - OUTPUT:   - onchain Median Confirmation Time (min): 4490 non-null values
2025-03-04 16:21:22,827 - data_pipeline - INFO - Script C:\Users\aws.admin\OneDrive - Leeds Trinity University\Documents\LocalProjects\Msc-COM7003-AI-Model\AI_Gen_Code\data_processing\combining\filter_combined_dataset.py completed successfully
2025-03-04 16:21:22,829 - data_pipeline - INFO - 
================================================================================
2025-03-04 16:21:22,883 - data_pipeline - INFO - COMPLETE DATA PROCESSING PIPELINE EXECUTED SUCCESSFULLY!
2025-03-04 16:21:22,898 - data_pipeline - INFO - ================================================================================
