2025-03-04 16:31:47,683 - data_pipeline - INFO - Running only the data processing pipeline...
2025-03-04 16:31:47,685 - data_pipeline - INFO - 
================================================================================
2025-03-04 16:31:47,686 - data_pipeline - INFO - STARTING COMPLETE DATA PROCESSING PIPELINE
2025-03-04 16:31:47,696 - data_pipeline - INFO - ================================================================================
2025-03-04 16:31:47,697 - data_pipeline - INFO - 
================================================================================
2025-03-04 16:31:47,698 - data_pipeline - INFO - STEP 1: Average Exchange Data
2025-03-04 16:31:47,699 - data_pipeline - INFO - ================================================================================
2025-03-04 16:31:47,699 - data_pipeline - INFO - Running: C:\Users\aws.admin\OneDrive - Leeds Trinity University\Documents\LocalProjects\Msc-COM7003-AI-Model\.venv\Scripts\python.exe C:\Users\aws.admin\OneDrive - Leeds Trinity University\Documents\LocalProjects\Msc-COM7003-AI-Model\AI_Gen_Code\data_processing\combining\average_exchanges.py
2025-03-04 16:33:07,876 - data_pipeline - INFO - OUTPUT: Starting exchange averaging process...
2025-03-04 16:33:07,877 - data_pipeline - INFO - OUTPUT: Reading from directory: C:\Users\aws.admin\OneDrive - Leeds Trinity University\Documents\LocalProjects\Msc-COM7003-AI-Model\datasets\processed_exchanges
2025-03-04 16:33:07,877 - data_pipeline - INFO - OUTPUT: Loaded 399001_SZ_processed with 3189 rows and 10 columns
2025-03-04 16:33:07,878 - data_pipeline - INFO - OUTPUT: Warning: all_indices_processed.csv has 35793 duplicate dates. Aggregating by date...
2025-03-04 16:33:07,878 - data_pipeline - INFO - OUTPUT: Loaded all_indices_processed with 3429 rows and 63 columns
2025-03-04 16:33:07,878 - data_pipeline - INFO - OUTPUT: Loaded GDAXI_processed with 3337 rows and 15 columns
2025-03-04 16:33:07,878 - data_pipeline - INFO - OUTPUT: Loaded GSPTSE_processed with 3304 rows and 15 columns
2025-03-04 16:33:07,878 - data_pipeline - INFO - OUTPUT: Loaded HSI_processed with 3237 rows and 15 columns
2025-03-04 16:33:07,879 - data_pipeline - INFO - OUTPUT: Loaded IXIC_processed with 3310 rows and 15 columns
2025-03-04 16:33:07,880 - data_pipeline - INFO - OUTPUT: Loaded J203_JO_processed with 3285 rows and 15 columns
2025-03-04 16:33:07,880 - data_pipeline - INFO - OUTPUT: Loaded KS11_processed with 3232 rows and 15 columns
2025-03-04 16:33:07,881 - data_pipeline - INFO - OUTPUT: Loaded N100_processed with 3366 rows and 15 columns
2025-03-04 16:33:07,881 - data_pipeline - INFO - OUTPUT: Loaded N225_processed with 3220 rows and 15 columns
2025-03-04 16:33:07,882 - data_pipeline - INFO - OUTPUT: Loaded NSEI_processed with 3231 rows and 15 columns
2025-03-04 16:33:07,883 - data_pipeline - INFO - OUTPUT: Loaded NYA_processed with 3310 rows and 15 columns
2025-03-04 16:33:07,884 - data_pipeline - INFO - OUTPUT: Loaded SSMI_processed with 3293 rows and 15 columns
2025-03-04 16:33:07,884 - data_pipeline - INFO - OUTPUT: Loaded TWII_processed with 3203 rows and 15 columns
2025-03-04 16:33:07,885 - data_pipeline - INFO - OUTPUT: 
2025-03-04 16:33:07,885 - data_pipeline - INFO - OUTPUT: Processing 14 exchange files:
2025-03-04 16:33:07,886 - data_pipeline - INFO - OUTPUT: - 399001_SZ_processed.csv
2025-03-04 16:33:07,886 - data_pipeline - INFO - OUTPUT: - all_indices_processed.csv
2025-03-04 16:33:07,887 - data_pipeline - INFO - OUTPUT: - GDAXI_processed.csv
2025-03-04 16:33:07,887 - data_pipeline - INFO - OUTPUT: - GSPTSE_processed.csv
2025-03-04 16:33:07,888 - data_pipeline - INFO - OUTPUT: - HSI_processed.csv
2025-03-04 16:33:07,888 - data_pipeline - INFO - OUTPUT: - IXIC_processed.csv
2025-03-04 16:33:07,888 - data_pipeline - INFO - OUTPUT: - J203_JO_processed.csv
2025-03-04 16:33:07,889 - data_pipeline - INFO - OUTPUT: - KS11_processed.csv
2025-03-04 16:33:07,889 - data_pipeline - INFO - OUTPUT: - N100_processed.csv
2025-03-04 16:33:07,889 - data_pipeline - INFO - OUTPUT: - N225_processed.csv
2025-03-04 16:33:07,890 - data_pipeline - INFO - OUTPUT: - NSEI_processed.csv
2025-03-04 16:33:07,890 - data_pipeline - INFO - OUTPUT: - NYA_processed.csv
2025-03-04 16:33:07,891 - data_pipeline - INFO - OUTPUT: - SSMI_processed.csv
2025-03-04 16:33:07,891 - data_pipeline - INFO - OUTPUT: - TWII_processed.csv
2025-03-04 16:33:07,891 - data_pipeline - INFO - OUTPUT: Calculating averages...
2025-03-04 16:33:07,892 - data_pipeline - INFO - OUTPUT: Starting to average exchanges...
2025-03-04 16:33:07,892 - data_pipeline - INFO - OUTPUT: Processing 399001_SZ_processed...
2025-03-04 16:33:07,893 - data_pipeline - INFO - OUTPUT: Processing all_indices_processed...
2025-03-04 16:33:07,893 - data_pipeline - INFO - OUTPUT: Processing GDAXI_processed...
2025-03-04 16:33:07,893 - data_pipeline - INFO - OUTPUT: Processing GSPTSE_processed...
2025-03-04 16:33:07,894 - data_pipeline - INFO - OUTPUT: Processing HSI_processed...
2025-03-04 16:33:07,894 - data_pipeline - INFO - OUTPUT: Processing IXIC_processed...
2025-03-04 16:33:07,894 - data_pipeline - INFO - OUTPUT: Processing J203_JO_processed...
2025-03-04 16:33:07,895 - data_pipeline - INFO - OUTPUT: Processing KS11_processed...
2025-03-04 16:33:07,895 - data_pipeline - INFO - OUTPUT: Processing N100_processed...
2025-03-04 16:33:07,896 - data_pipeline - INFO - OUTPUT: Processing N225_processed...
2025-03-04 16:33:07,896 - data_pipeline - INFO - OUTPUT: Processing NSEI_processed...
2025-03-04 16:33:07,897 - data_pipeline - INFO - OUTPUT: Processing NYA_processed...
2025-03-04 16:33:07,897 - data_pipeline - INFO - OUTPUT: Processing SSMI_processed...
2025-03-04 16:33:07,897 - data_pipeline - INFO - OUTPUT: Processing TWII_processed...
2025-03-04 16:33:07,898 - data_pipeline - INFO - OUTPUT: Saved averaged exchange data to C:\Users\aws.admin\OneDrive - Leeds Trinity University\Documents\LocalProjects\Msc-COM7003-AI-Model\datasets\processed_exchanges\averaged_exchanges_20250304_163305.csv
2025-03-04 16:33:07,899 - data_pipeline - INFO - OUTPUT: Saved latest version to C:\Users\aws.admin\OneDrive - Leeds Trinity University\Documents\LocalProjects\Msc-COM7003-AI-Model\datasets\processed_exchanges\averaged_exchanges.csv
2025-03-04 16:33:07,899 - data_pipeline - INFO - OUTPUT: 
2025-03-04 16:33:07,900 - data_pipeline - INFO - OUTPUT: Averaging process completed successfully!
2025-03-04 16:33:07,900 - data_pipeline - INFO - OUTPUT: Output saved to: C:\Users\aws.admin\OneDrive - Leeds Trinity University\Documents\LocalProjects\Msc-COM7003-AI-Model\datasets\processed_exchanges\averaged_exchanges_20250304_163305.csv
2025-03-04 16:33:07,901 - data_pipeline - INFO - OUTPUT: Latest version saved to: C:\Users\aws.admin\OneDrive - Leeds Trinity University\Documents\LocalProjects\Msc-COM7003-AI-Model\datasets\processed_exchanges\averaged_exchanges.csv
2025-03-04 16:33:07,902 - data_pipeline - INFO - OUTPUT: 
2025-03-04 16:33:07,902 - data_pipeline - INFO - OUTPUT: Summary of averaged data:
2025-03-04 16:33:07,903 - data_pipeline - INFO - OUTPUT: Date range: 2012-01-02 00:00:00 to 2025-03-03 00:00:00
2025-03-04 16:33:07,903 - data_pipeline - INFO - OUTPUT: Number of columns: 71
2025-03-04 16:33:07,904 - data_pipeline - INFO - OUTPUT: Number of rows: 3430
2025-03-04 16:33:07,904 - data_pipeline - INFO - OUTPUT: 
2025-03-04 16:33:07,905 - data_pipeline - INFO - OUTPUT: Columns included:
2025-03-04 16:33:07,905 - data_pipeline - INFO - OUTPUT: - High.7: 3429 non-null values
2025-03-04 16:33:07,906 - data_pipeline - INFO - OUTPUT: - High.4: 3429 non-null values
2025-03-04 16:33:07,906 - data_pipeline - INFO - OUTPUT: - Close.11: 3429 non-null values
2025-03-04 16:33:07,906 - data_pipeline - INFO - OUTPUT: - Volume.5: 3429 non-null values
2025-03-04 16:33:07,907 - data_pipeline - INFO - OUTPUT: - Volume.9: 3429 non-null values
2025-03-04 16:33:07,907 - data_pipeline - INFO - OUTPUT: - Currency: 0 non-null values
2025-03-04 16:33:07,907 - data_pipeline - INFO - OUTPUT: - Close.2: 3429 non-null values
2025-03-04 16:33:07,908 - data_pipeline - INFO - OUTPUT: - MA_5: 3426 non-null values
2025-03-04 16:33:07,908 - data_pipeline - INFO - OUTPUT: - Low.4: 3429 non-null values
2025-03-04 16:33:07,909 - data_pipeline - INFO - OUTPUT: - Volume: 3430 non-null values
2025-03-04 16:33:07,909 - data_pipeline - INFO - OUTPUT: - High: 3430 non-null values
2025-03-04 16:33:07,909 - data_pipeline - INFO - OUTPUT: - High.8: 3429 non-null values
2025-03-04 16:33:07,910 - data_pipeline - INFO - OUTPUT: - Low.10: 3429 non-null values
2025-03-04 16:33:07,910 - data_pipeline - INFO - OUTPUT: - Volume.1: 3429 non-null values
2025-03-04 16:33:07,910 - data_pipeline - INFO - OUTPUT: - Close.9: 3429 non-null values
2025-03-04 16:33:07,911 - data_pipeline - INFO - OUTPUT: - Index: 0 non-null values
2025-03-04 16:33:07,911 - data_pipeline - INFO - OUTPUT: - Low.8: 3429 non-null values
2025-03-04 16:33:07,911 - data_pipeline - INFO - OUTPUT: - Volume.2: 3429 non-null values
2025-03-04 16:33:07,912 - data_pipeline - INFO - OUTPUT: - Open: 3430 non-null values
2025-03-04 16:33:07,912 - data_pipeline - INFO - OUTPUT: - MA_200: 3227 non-null values
2025-03-04 16:33:07,912 - data_pipeline - INFO - OUTPUT: - Volume.7: 3429 non-null values
2025-03-04 16:33:07,913 - data_pipeline - INFO - OUTPUT: - Close.10: 3429 non-null values
2025-03-04 16:33:07,913 - data_pipeline - INFO - OUTPUT: - Volume.11: 3429 non-null values
2025-03-04 16:33:07,914 - data_pipeline - INFO - OUTPUT: - High.6: 3429 non-null values
2025-03-04 16:33:07,914 - data_pipeline - INFO - OUTPUT: - Close.6: 3429 non-null values
2025-03-04 16:33:07,915 - data_pipeline - INFO - OUTPUT: - Low.3: 3429 non-null values
2025-03-04 16:33:07,915 - data_pipeline - INFO - OUTPUT: - Open.11: 3429 non-null values
2025-03-04 16:33:07,915 - data_pipeline - INFO - OUTPUT: - Open.10: 3429 non-null values
2025-03-04 16:33:07,916 - data_pipeline - INFO - OUTPUT: - Close.4: 3429 non-null values
2025-03-04 16:33:07,916 - data_pipeline - INFO - OUTPUT: - Low.7: 3429 non-null values
2025-03-04 16:33:07,916 - data_pipeline - INFO - OUTPUT: - Open.9: 3429 non-null values
2025-03-04 16:33:07,917 - data_pipeline - INFO - OUTPUT: - Adj Close: 3429 non-null values
2025-03-04 16:33:07,917 - data_pipeline - INFO - OUTPUT: - Volume.6: 3429 non-null values
2025-03-04 16:33:07,918 - data_pipeline - INFO - OUTPUT: - Low.6: 3429 non-null values
2025-03-04 16:33:07,918 - data_pipeline - INFO - OUTPUT: - High.9: 3429 non-null values
2025-03-04 16:33:07,918 - data_pipeline - INFO - OUTPUT: - MA_50: 3381 non-null values
2025-03-04 16:33:07,919 - data_pipeline - INFO - OUTPUT: - Low.5: 3429 non-null values
2025-03-04 16:33:07,919 - data_pipeline - INFO - OUTPUT: - Open.4: 3429 non-null values
2025-03-04 16:33:07,920 - data_pipeline - INFO - OUTPUT: - Volume.3: 3429 non-null values
2025-03-04 16:33:07,920 - data_pipeline - INFO - OUTPUT: - High.5: 3429 non-null values
2025-03-04 16:33:07,920 - data_pipeline - INFO - OUTPUT: - High.3: 3429 non-null values
2025-03-04 16:33:07,921 - data_pipeline - INFO - OUTPUT: - Volume.10: 3429 non-null values
2025-03-04 16:33:07,921 - data_pipeline - INFO - OUTPUT: - Low.11: 3429 non-null values
2025-03-04 16:33:07,921 - data_pipeline - INFO - OUTPUT: - Low: 3430 non-null values
2025-03-04 16:33:07,922 - data_pipeline - INFO - OUTPUT: - High.11: 3429 non-null values
2025-03-04 16:33:07,923 - data_pipeline - INFO - OUTPUT: - Open.2: 3429 non-null values
2025-03-04 16:33:07,923 - data_pipeline - INFO - OUTPUT: - Volume.4: 3429 non-null values
2025-03-04 16:33:07,923 - data_pipeline - INFO - OUTPUT: - Low.2: 3429 non-null values
2025-03-04 16:33:07,924 - data_pipeline - INFO - OUTPUT: - High.2: 3429 non-null values
2025-03-04 16:33:07,924 - data_pipeline - INFO - OUTPUT: - Open.8: 3429 non-null values
2025-03-04 16:33:07,924 - data_pipeline - INFO - OUTPUT: - MA_20: 3411 non-null values
2025-03-04 16:33:07,925 - data_pipeline - INFO - OUTPUT: - Daily_Return: 3429 non-null values
2025-03-04 16:33:07,925 - data_pipeline - INFO - OUTPUT: - Close: 3430 non-null values
2025-03-04 16:33:07,926 - data_pipeline - INFO - OUTPUT: - Volatility_20: 3410 non-null values
2025-03-04 16:33:07,926 - data_pipeline - INFO - OUTPUT: - Close.5: 3429 non-null values
2025-03-04 16:33:07,926 - data_pipeline - INFO - OUTPUT: - Volume.8: 3429 non-null values
2025-03-04 16:33:07,927 - data_pipeline - INFO - OUTPUT: - Open.3: 3429 non-null values
2025-03-04 16:33:07,927 - data_pipeline - INFO - OUTPUT: - Low.9: 3429 non-null values
2025-03-04 16:33:07,928 - data_pipeline - INFO - OUTPUT: - CloseUSD: 3430 non-null values
2025-03-04 16:33:07,928 - data_pipeline - INFO - OUTPUT: - Open.5: 3429 non-null values
2025-03-04 16:33:07,928 - data_pipeline - INFO - OUTPUT: - High.10: 3429 non-null values
2025-03-04 16:33:07,929 - data_pipeline - INFO - OUTPUT: - Close.1: 3429 non-null values
2025-03-04 16:33:07,929 - data_pipeline - INFO - OUTPUT: - Open.7: 3429 non-null values
2025-03-04 16:33:07,929 - data_pipeline - INFO - OUTPUT: - Close.7: 3429 non-null values
2025-03-04 16:33:07,930 - data_pipeline - INFO - OUTPUT: - Open.1: 3429 non-null values
2025-03-04 16:33:07,930 - data_pipeline - INFO - OUTPUT: - Open.6: 3429 non-null values
2025-03-04 16:33:07,931 - data_pipeline - INFO - OUTPUT: - High.1: 3429 non-null values
2025-03-04 16:33:07,931 - data_pipeline - INFO - OUTPUT: - Close.3: 3429 non-null values
2025-03-04 16:33:07,932 - data_pipeline - INFO - OUTPUT: - Close.8: 3429 non-null values
2025-03-04 16:33:07,932 - data_pipeline - INFO - OUTPUT: - Low.1: 3429 non-null values
2025-03-04 16:33:07,932 - data_pipeline - INFO - Script C:\Users\aws.admin\OneDrive - Leeds Trinity University\Documents\LocalProjects\Msc-COM7003-AI-Model\AI_Gen_Code\data_processing\combining\average_exchanges.py completed successfully
2025-03-04 16:33:07,934 - data_pipeline - INFO - 
================================================================================
2025-03-04 16:33:07,935 - data_pipeline - INFO - STEP 2: Create Combined Dataset
2025-03-04 16:33:07,935 - data_pipeline - INFO - ================================================================================
2025-03-04 16:33:07,936 - data_pipeline - INFO - Running: C:\Users\aws.admin\OneDrive - Leeds Trinity University\Documents\LocalProjects\Msc-COM7003-AI-Model\.venv\Scripts\python.exe C:\Users\aws.admin\OneDrive - Leeds Trinity University\Documents\LocalProjects\Msc-COM7003-AI-Model\AI_Gen_Code\data_collection/create_combined_dataset.py
2025-03-04 16:33:11,767 - data_pipeline - INFO - OUTPUT: Starting creation of combined dataset for AI training...
2025-03-04 16:33:11,981 - data_pipeline - INFO - OUTPUT: Using default paths:
2025-03-04 16:33:12,394 - data_pipeline - INFO - OUTPUT:   Base directory: C:\Users\aws.admin\OneDrive - Leeds Trinity University\Documents\LocalProjects\Msc-COM7003-AI-Model\datasets
2025-03-04 16:33:12,454 - data_pipeline - INFO - OUTPUT:   Combined directory: C:\Users\aws.admin\OneDrive - Leeds Trinity University\Documents\LocalProjects\Msc-COM7003-AI-Model\datasets\combined_dataset
2025-03-04 16:33:12,738 - data_pipeline - INFO - OUTPUT: Ensured output directory exists: C:\Users\aws.admin\OneDrive - Leeds Trinity University\Documents\LocalProjects\Msc-COM7003-AI-Model\datasets\combined_dataset
2025-03-04 16:33:12,857 - data_pipeline - INFO - OUTPUT: 
2025-03-04 16:33:12,893 - data_pipeline - INFO - OUTPUT: Processing averaged exchange data...
2025-03-04 16:33:12,966 - data_pipeline - INFO - OUTPUT:   Exchange data date range: 2012-01-02 to 2025-03-03
2025-03-04 16:33:13,037 - data_pipeline - INFO - OUTPUT:   Exchange data has 3430 rows
2025-03-04 16:33:13,235 - data_pipeline - INFO - OUTPUT:   Added 7 averaged exchange columns
2025-03-04 16:33:13,425 - data_pipeline - INFO - OUTPUT: Found 7 additional feature files to process
2025-03-04 16:33:13,957 - data_pipeline - INFO - OUTPUT: 
2025-03-04 16:33:14,301 - data_pipeline - INFO - OUTPUT: Processing additional features files...
2025-03-04 16:33:14,517 - data_pipeline - INFO - OUTPUT: Processing currency_metrics.csv...
2025-03-04 16:33:14,806 - data_pipeline - INFO - OUTPUT:   Skipping comment line in currency_metrics.csv
2025-03-04 16:33:14,830 - data_pipeline - INFO - OUTPUT:   currency_metrics.csv date range: 2012-01-03 to 2025-02-28
2025-03-04 16:33:14,904 - data_pipeline - INFO - OUTPUT:   Adding special column BTC/USD without prefix
2025-03-04 16:33:14,936 - data_pipeline - INFO - OUTPUT:   Adding special column Gold/BTC Ratio without prefix
2025-03-04 16:33:15,071 - data_pipeline - INFO - OUTPUT:   Added 4 columns from currency_metrics.csv
2025-03-04 16:33:15,370 - data_pipeline - INFO - OUTPUT:   Current merged dataset has 3430 rows
2025-03-04 16:33:15,660 - data_pipeline - INFO - OUTPUT: Skipping fear_greed_index.csv as requested
2025-03-04 16:33:15,923 - data_pipeline - INFO - OUTPUT: Processing miner_revenue.csv...
2025-03-04 16:33:16,015 - data_pipeline - INFO - OUTPUT:   Skipping comment line in miner_revenue.csv
2025-03-04 16:33:16,024 - data_pipeline - INFO - OUTPUT:   miner_revenue.csv date range: 2012-01-02 to 2025-03-02
2025-03-04 16:33:16,031 - data_pipeline - INFO - OUTPUT:   Skipping Miner Revenue (USD) column as requested
2025-03-04 16:33:16,038 - data_pipeline - INFO - OUTPUT:   Added 1 columns from miner_revenue.csv
2025-03-04 16:33:16,040 - data_pipeline - INFO - OUTPUT:   Current merged dataset has 4452 rows
2025-03-04 16:33:16,132 - data_pipeline - INFO - OUTPUT: Processing mining_difficulty.csv...
2025-03-04 16:33:16,161 - data_pipeline - INFO - OUTPUT:   Skipping comment line in mining_difficulty.csv
2025-03-04 16:33:16,171 - data_pipeline - INFO - OUTPUT:   mining_difficulty.csv date range: 2012-01-02 to 2025-03-02
2025-03-04 16:33:16,202 - data_pipeline - INFO - OUTPUT:   Added 1 columns from mining_difficulty.csv
2025-03-04 16:33:16,232 - data_pipeline - INFO - OUTPUT:   Current merged dataset has 4452 rows
2025-03-04 16:33:16,425 - data_pipeline - INFO - OUTPUT: Processing onchain_metrics.csv...
2025-03-04 16:33:16,441 - data_pipeline - INFO - OUTPUT:   Skipping comment line in onchain_metrics.csv
2025-03-04 16:33:16,445 - data_pipeline - INFO - OUTPUT:   onchain_metrics.csv date range: 2012-01-02 to 2025-03-02
2025-03-04 16:33:16,474 - data_pipeline - INFO - OUTPUT:   Skipping Miner Revenue (USD) column as requested
2025-03-04 16:33:16,486 - data_pipeline - INFO - OUTPUT:   Added 8 columns from onchain_metrics.csv
2025-03-04 16:33:16,487 - data_pipeline - INFO - OUTPUT:   Current merged dataset has 4452 rows
2025-03-04 16:33:16,492 - data_pipeline - INFO - OUTPUT: Processing volatility_currency_combined.csv...
2025-03-04 16:33:16,511 - data_pipeline - INFO - OUTPUT:   No Date column found in volatility_currency_combined.csv, skipping.
2025-03-04 16:33:16,512 - data_pipeline - INFO - OUTPUT: Processing volatility_indices.csv...
2025-03-04 16:33:16,514 - data_pipeline - INFO - OUTPUT:   Skipping comment line in volatility_indices.csv
2025-03-04 16:33:16,523 - data_pipeline - INFO - OUTPUT:   No Date column found in volatility_indices.csv, skipping.
2025-03-04 16:33:16,525 - data_pipeline - INFO - OUTPUT: 
2025-03-04 16:33:16,527 - data_pipeline - INFO - OUTPUT: Data date range check:
2025-03-04 16:33:16,528 - data_pipeline - INFO - OUTPUT:   Earliest date: 2012-01-02
2025-03-04 16:33:16,530 - data_pipeline - INFO - OUTPUT:   Latest date: 2025-03-03
2025-03-04 16:33:16,533 - data_pipeline - INFO - OUTPUT:   Total date range spans 4452 unique days
2025-03-04 16:33:16,535 - data_pipeline - INFO - OUTPUT: 
2025-03-04 16:33:16,535 - data_pipeline - INFO - OUTPUT: Filling missing values...
2025-03-04 16:33:16,536 - data_pipeline - INFO - OUTPUT: Missing values after filling: 0
2025-03-04 16:33:16,538 - data_pipeline - INFO - OUTPUT: 
2025-03-04 16:33:16,565 - data_pipeline - INFO - OUTPUT: Removing Currency columns...
2025-03-04 16:33:16,566 - data_pipeline - INFO - OUTPUT: 
2025-03-04 16:33:16,567 - data_pipeline - INFO - OUTPUT: Date distribution by year:
2025-03-04 16:33:16,567 - data_pipeline - INFO - OUTPUT:   - 2012: 326 rows
2025-03-04 16:33:16,568 - data_pipeline - INFO - OUTPUT:   - 2013: 330 rows
2025-03-04 16:33:16,571 - data_pipeline - INFO - OUTPUT:   - 2014: 333 rows
2025-03-04 16:33:16,573 - data_pipeline - INFO - OUTPUT:   - 2015: 312 rows
2025-03-04 16:33:16,575 - data_pipeline - INFO - OUTPUT:   - 2016: 325 rows
2025-03-04 16:33:16,576 - data_pipeline - INFO - OUTPUT:   - 2017: 339 rows
2025-03-04 16:33:16,582 - data_pipeline - INFO - OUTPUT:   - 2018: 336 rows
2025-03-04 16:33:16,587 - data_pipeline - INFO - OUTPUT:   - 2019: 338 rows
2025-03-04 16:33:16,603 - data_pipeline - INFO - OUTPUT:   - 2020: 348 rows
2025-03-04 16:33:16,604 - data_pipeline - INFO - OUTPUT:   - 2021: 351 rows
2025-03-04 16:33:16,605 - data_pipeline - INFO - OUTPUT:   - 2022: 351 rows
2025-03-04 16:33:16,605 - data_pipeline - INFO - OUTPUT:   - 2023: 351 rows
2025-03-04 16:33:16,607 - data_pipeline - INFO - OUTPUT:   - 2024: 350 rows
2025-03-04 16:33:16,608 - data_pipeline - INFO - OUTPUT:   - 2025: 62 rows
2025-03-04 16:33:16,613 - data_pipeline - INFO - OUTPUT: Combined dataset saved to: C:\Users\aws.admin\OneDrive - Leeds Trinity University\Documents\LocalProjects\Msc-COM7003-AI-Model\datasets\combined_dataset\combined_dataset_20250304_163309.csv
2025-03-04 16:33:16,620 - data_pipeline - INFO - OUTPUT: Created backup of original dataset
2025-03-04 16:33:16,622 - data_pipeline - INFO - OUTPUT: Updated combined_dataset_latest.csv successfully
2025-03-04 16:33:16,922 - data_pipeline - INFO - OUTPUT: 
2025-03-04 16:33:16,941 - data_pipeline - INFO - OUTPUT: Combined dataset created successfully!
2025-03-04 16:33:16,942 - data_pipeline - INFO - OUTPUT: Rows: 4452
2025-03-04 16:33:16,945 - data_pipeline - INFO - OUTPUT: Columns: 20
2025-03-04 16:33:16,947 - data_pipeline - INFO - OUTPUT: Date range: from 2012-01-02 to 2025-03-03
2025-03-04 16:33:16,948 - data_pipeline - INFO - OUTPUT: Output saved to:
2025-03-04 16:33:16,957 - data_pipeline - INFO - OUTPUT: - C:\Users\aws.admin\OneDrive - Leeds Trinity University\Documents\LocalProjects\Msc-COM7003-AI-Model\datasets\combined_dataset\combined_dataset_20250304_163309.csv
2025-03-04 16:33:16,960 - data_pipeline - INFO - OUTPUT: - C:\Users\aws.admin\OneDrive - Leeds Trinity University\Documents\LocalProjects\Msc-COM7003-AI-Model\datasets\combined_dataset\combined_dataset_latest.csv
2025-03-04 16:33:16,961 - data_pipeline - INFO - Script C:\Users\aws.admin\OneDrive - Leeds Trinity University\Documents\LocalProjects\Msc-COM7003-AI-Model\AI_Gen_Code\data_collection/create_combined_dataset.py completed successfully
2025-03-04 16:33:16,964 - data_pipeline - INFO - 
================================================================================
2025-03-04 16:33:16,966 - data_pipeline - INFO - STEP 3: Filter Combined Dataset
2025-03-04 16:33:16,969 - data_pipeline - INFO - ================================================================================
2025-03-04 16:33:17,049 - data_pipeline - INFO - Running: C:\Users\aws.admin\OneDrive - Leeds Trinity University\Documents\LocalProjects\Msc-COM7003-AI-Model\.venv\Scripts\python.exe C:\Users\aws.admin\OneDrive - Leeds Trinity University\Documents\LocalProjects\Msc-COM7003-AI-Model\AI_Gen_Code\data_processing\combining\filter_combined_dataset.py
2025-03-04 16:33:18,832 - data_pipeline - INFO - OUTPUT: Starting filtering of combined dataset...
2025-03-04 16:33:18,832 - data_pipeline - INFO - OUTPUT: Reading combined dataset from: C:\Users\aws.admin\OneDrive - Leeds Trinity University\Documents\LocalProjects\Msc-COM7003-AI-Model\datasets\combined_dataset\combined_dataset_latest.csv
2025-03-04 16:33:18,834 - data_pipeline - INFO - OUTPUT: Original dataset: 4452 rows, 20 columns
2025-03-04 16:33:18,834 - data_pipeline - INFO - OUTPUT: 
2025-03-04 16:33:18,834 - data_pipeline - INFO - OUTPUT: Keeping 14 columns out of 20 total
2025-03-04 16:33:18,835 - data_pipeline - INFO - OUTPUT: Renaming: AVG Volume -> Volume
2025-03-04 16:33:18,835 - data_pipeline - INFO - OUTPUT: Renaming: AVG CloseUSD -> CloseUSD
2025-03-04 16:33:18,836 - data_pipeline - INFO - OUTPUT: Removed 'AVG' prefix from 2 columns
2025-03-04 16:33:18,836 - data_pipeline - INFO - OUTPUT: 
2025-03-04 16:33:18,836 - data_pipeline - INFO - OUTPUT: Columns after renaming:
2025-03-04 16:33:18,837 - data_pipeline - INFO - OUTPUT:   - Date
2025-03-04 16:33:18,837 - data_pipeline - INFO - OUTPUT:   - Volume
2025-03-04 16:33:18,846 - data_pipeline - INFO - OUTPUT:   - CloseUSD
2025-03-04 16:33:18,846 - data_pipeline - INFO - OUTPUT:   - currency US Dollar Index
2025-03-04 16:33:18,847 - data_pipeline - INFO - OUTPUT:   - currency Gold Futures
2025-03-04 16:33:18,847 - data_pipeline - INFO - OUTPUT:   - BTC/USD
2025-03-04 16:33:18,848 - data_pipeline - INFO - OUTPUT:   - Gold/BTC Ratio
2025-03-04 16:33:18,848 - data_pipeline - INFO - OUTPUT:   - onchain Active Addresses
2025-03-04 16:33:18,848 - data_pipeline - INFO - OUTPUT:   - onchain Transaction Count
2025-03-04 16:33:18,849 - data_pipeline - INFO - OUTPUT:   - onchain Mempool Size
2025-03-04 16:33:18,849 - data_pipeline - INFO - OUTPUT:   - onchain Hash Rate (GH/s)
2025-03-04 16:33:18,849 - data_pipeline - INFO - OUTPUT:   - onchain Mining Difficulty
2025-03-04 16:33:18,850 - data_pipeline - INFO - OUTPUT:   - onchain Transaction Fees (BTC)
2025-03-04 16:33:18,851 - data_pipeline - INFO - OUTPUT:   - onchain Median Confirmation Time (min)
2025-03-04 16:33:18,852 - data_pipeline - INFO - OUTPUT: Saved filtered dataset to: C:\Users\aws.admin\OneDrive - Leeds Trinity University\Documents\LocalProjects\Msc-COM7003-AI-Model\datasets\combined_dataset\filtered_dataset_20250304_163318.csv
2025-03-04 16:33:18,853 - data_pipeline - INFO - OUTPUT: Updated combined_dataset_latest.csv with filtered columns
2025-03-04 16:33:18,853 - data_pipeline - INFO - OUTPUT: 
2025-03-04 16:33:18,853 - data_pipeline - INFO - OUTPUT: Filtered dataset summary:
2025-03-04 16:33:18,854 - data_pipeline - INFO - OUTPUT: Rows: 4452
2025-03-04 16:33:18,854 - data_pipeline - INFO - OUTPUT: Columns: 14
2025-03-04 16:33:18,855 - data_pipeline - INFO - OUTPUT: Date range: from 2012-01-02 to 2025-03-03
2025-03-04 16:33:18,855 - data_pipeline - INFO - OUTPUT: 
2025-03-04 16:33:18,855 - data_pipeline - INFO - OUTPUT: Columns included:
2025-03-04 16:33:18,856 - data_pipeline - INFO - OUTPUT:   - Date: 4452 non-null values
2025-03-04 16:33:18,856 - data_pipeline - INFO - OUTPUT:   - Volume: 4452 non-null values
2025-03-04 16:33:18,856 - data_pipeline - INFO - OUTPUT:   - CloseUSD: 4452 non-null values
2025-03-04 16:33:18,859 - data_pipeline - INFO - OUTPUT:   - currency US Dollar Index: 4452 non-null values
2025-03-04 16:33:18,860 - data_pipeline - INFO - OUTPUT:   - currency Gold Futures: 4452 non-null values
2025-03-04 16:33:18,860 - data_pipeline - INFO - OUTPUT:   - BTC/USD: 4452 non-null values
2025-03-04 16:33:18,861 - data_pipeline - INFO - OUTPUT:   - Gold/BTC Ratio: 4452 non-null values
2025-03-04 16:33:18,861 - data_pipeline - INFO - OUTPUT:   - onchain Active Addresses: 4452 non-null values
2025-03-04 16:33:18,862 - data_pipeline - INFO - OUTPUT:   - onchain Transaction Count: 4452 non-null values
2025-03-04 16:33:18,862 - data_pipeline - INFO - OUTPUT:   - onchain Mempool Size: 4452 non-null values
2025-03-04 16:33:18,863 - data_pipeline - INFO - OUTPUT:   - onchain Hash Rate (GH/s): 4452 non-null values
2025-03-04 16:33:18,863 - data_pipeline - INFO - OUTPUT:   - onchain Mining Difficulty: 4452 non-null values
2025-03-04 16:33:18,863 - data_pipeline - INFO - OUTPUT:   - onchain Transaction Fees (BTC): 4452 non-null values
2025-03-04 16:33:18,866 - data_pipeline - INFO - OUTPUT:   - onchain Median Confirmation Time (min): 4452 non-null values
2025-03-04 16:33:18,867 - data_pipeline - INFO - Script C:\Users\aws.admin\OneDrive - Leeds Trinity University\Documents\LocalProjects\Msc-COM7003-AI-Model\AI_Gen_Code\data_processing\combining\filter_combined_dataset.py completed successfully
2025-03-04 16:33:18,868 - data_pipeline - INFO - 
================================================================================
2025-03-04 16:33:18,868 - data_pipeline - INFO - COMPLETE DATA PROCESSING PIPELINE EXECUTED SUCCESSFULLY!
2025-03-04 16:33:18,887 - data_pipeline - INFO - ================================================================================
